This file contains any messages produced by compilers while
running configure, to aid debugging if configure makes a mistake.

It was created by configure, which was
generated by GNU Autoconf 2.59.  Invocation command line was

  $ ./configure --prefix=/usr/local/mmseg3

## --------- ##
## Platform. ##
## --------- ##

hostname = zhudongchangdeMacBook-Pro.local
uname -m = x86_64
uname -r = 15.2.0
uname -s = Darwin
uname -v = Darwin Kernel Version 15.2.0: Fri Nov 13 19:56:56 PST 2015; root:xnu-3248.20.55~2/RELEASE_X86_64

/usr/bin/uname -p = i386
/bin/uname -X     = unknown

/bin/arch              = unknown
/usr/bin/arch -k       = unknown
/usr/convex/getsysinfo = unknown
hostinfo               = Mach kernel version:
	 Darwin Kernel Version 15.2.0: Fri Nov 13 19:56:56 PST 2015; root:xnu-3248.20.55~2/RELEASE_X86_64
Kernel configured for up to 4 processors.
2 processors are physically available.
4 processors are logically available.
Processor type: x86_64h (Intel x86-64h Haswell)
Processors active: 0 1 2 3
Primary memory available: 8.00 gigabytes
Default processor set: 294 tasks, 1304 threads, 4 processors
Load average: 1.97, Mach factor: 2.01
/bin/machine           = unknown
/usr/bin/oslevel       = unknown
/bin/universe          = unknown

PATH: /usr/local/bin
PATH: /usr/local/sbin
PATH: /Users/zhudongchang/bin
PATH: /usr/local/bin
PATH: /usr/local/bin
PATH: /usr/bin
PATH: /bin
PATH: /usr/sbin
PATH: /sbin
PATH: /Users/zhudongchang/WorkData/sh


## ----------- ##
## Core tests. ##
## ----------- ##

configure:1539: checking for a BSD-compatible install
configure:1594: result: /usr/bin/install -c
configure:1605: checking whether build environment is sane
configure:1648: result: yes
configure:1672: WARNING: `missing' script is too old or missing
configure:1713: checking for gawk
configure:1742: result: no
configure:1713: checking for mawk
configure:1742: result: no
configure:1713: checking for nawk
configure:1742: result: no
configure:1713: checking for awk
configure:1729: found /usr/bin/awk
configure:1739: result: awk
configure:1749: checking whether make sets $(MAKE)
configure:1769: result: yes
configure:1984: checking for gcc
configure:2000: found /usr/bin/gcc
configure:2010: result: gcc
configure:2254: checking for C compiler version
configure:2257: gcc --version </dev/null >&5
Configured with: --prefix=/Applications/Xcode.app/Contents/Developer/usr --with-gxx-include-dir=/usr/include/c++/4.2.1
Apple LLVM version 7.0.2 (clang-700.1.81)
Target: x86_64-apple-darwin15.2.0
Thread model: posix
configure:2260: $? = 0
configure:2262: gcc -v </dev/null >&5
Configured with: --prefix=/Applications/Xcode.app/Contents/Developer/usr --with-gxx-include-dir=/usr/include/c++/4.2.1
Apple LLVM version 7.0.2 (clang-700.1.81)
Target: x86_64-apple-darwin15.2.0
Thread model: posix
configure:2265: $? = 0
configure:2267: gcc -V </dev/null >&5
clang: error: argument to '-V' is missing (expected 1 value)
clang: error: no input files
configure:2270: $? = 1
configure:2293: checking for C compiler default output file name
configure:2296: gcc    conftest.c  >&5
configure:2299: $? = 0
configure:2345: result: a.out
configure:2350: checking whether the C compiler works
configure:2356: ./a.out
configure:2359: $? = 0
configure:2376: result: yes
configure:2383: checking whether we are cross compiling
configure:2385: result: no
configure:2388: checking for suffix of executables
configure:2390: gcc -o conftest    conftest.c  >&5
configure:2393: $? = 0
configure:2418: result: 
configure:2424: checking for suffix of object files
configure:2445: gcc -c   conftest.c >&5
configure:2448: $? = 0
configure:2470: result: o
configure:2474: checking whether we are using the GNU C compiler
configure:2498: gcc -c   conftest.c >&5
configure:2504: $? = 0
configure:2508: test -z 
			 || test ! -s conftest.err
configure:2511: $? = 0
configure:2514: test -s conftest.o
configure:2517: $? = 0
configure:2530: result: yes
configure:2536: checking whether gcc accepts -g
configure:2557: gcc -c -g  conftest.c >&5
configure:2563: $? = 0
configure:2567: test -z 
			 || test ! -s conftest.err
configure:2570: $? = 0
configure:2573: test -s conftest.o
configure:2576: $? = 0
configure:2587: result: yes
configure:2604: checking for gcc option to accept ANSI C
configure:2674: gcc  -c -g -O2  conftest.c >&5
configure:2680: $? = 0
configure:2684: test -z 
			 || test ! -s conftest.err
configure:2687: $? = 0
configure:2690: test -s conftest.o
configure:2693: $? = 0
configure:2711: result: none needed
configure:2729: gcc -c -g -O2  conftest.c >&5
conftest.c:2:3: error: unknown type name 'choke'
  choke me
  ^
conftest.c:2:11: error: expected ';' after top level declarator
  choke me
          ^
          ;
2 errors generated.
configure:2735: $? = 1
configure: failed program was:
| #ifndef __cplusplus
|   choke me
| #endif
configure:2879: checking for style of include used by make
configure:2907: result: GNU
configure:2935: checking dependency style of gcc
configure:3025: result: gcc3
configure:3088: checking for gcc
configure:3114: result: gcc
configure:3358: checking for C compiler version
configure:3361: gcc --version </dev/null >&5
Configured with: --prefix=/Applications/Xcode.app/Contents/Developer/usr --with-gxx-include-dir=/usr/include/c++/4.2.1
Apple LLVM version 7.0.2 (clang-700.1.81)
Target: x86_64-apple-darwin15.2.0
Thread model: posix
configure:3364: $? = 0
configure:3366: gcc -v </dev/null >&5
Configured with: --prefix=/Applications/Xcode.app/Contents/Developer/usr --with-gxx-include-dir=/usr/include/c++/4.2.1
Apple LLVM version 7.0.2 (clang-700.1.81)
Target: x86_64-apple-darwin15.2.0
Thread model: posix
configure:3369: $? = 0
configure:3371: gcc -V </dev/null >&5
clang: error: argument to '-V' is missing (expected 1 value)
clang: error: no input files
configure:3374: $? = 1
configure:3377: checking whether we are using the GNU C compiler
configure:3433: result: yes
configure:3439: checking whether gcc accepts -g
configure:3490: result: yes
configure:3507: checking for gcc option to accept ANSI C
configure:3614: result: none needed
configure:3632: gcc -c -g -O2  conftest.c >&5
conftest.c:2:3: error: unknown type name 'choke'
  choke me
  ^
conftest.c:2:11: error: expected ';' after top level declarator
  choke me
          ^
          ;
2 errors generated.
configure:3638: $? = 1
configure: failed program was:
| #ifndef __cplusplus
|   choke me
| #endif
configure:3773: checking dependency style of gcc
configure:3863: result: gcc3
configure:3961: checking build system type
configure:3979: result: i686-apple-darwin15.2.0
configure:3987: checking host system type
configure:4001: result: i686-apple-darwin15.2.0
configure:4009: checking for a sed that does not truncate output
configure:4065: result: /usr/bin/sed
configure:4068: checking for egrep
configure:4078: result: grep -E
configure:4094: checking for ld used by gcc
configure:4161: result: /Applications/Xcode.app/Contents/Developer/Toolchains/XcodeDefault.xctoolchain/usr/bin/ld
configure:4170: checking if the linker (/Applications/Xcode.app/Contents/Developer/Toolchains/XcodeDefault.xctoolchain/usr/bin/ld) is GNU ld
configure:4185: result: no
configure:4190: checking for /Applications/Xcode.app/Contents/Developer/Toolchains/XcodeDefault.xctoolchain/usr/bin/ld option to reload object files
configure:4197: result: -r
configure:4215: checking for BSD-compatible nm
configure:4264: result: /usr/bin/nm
configure:4268: checking whether ln -s works
configure:4272: result: yes
configure:4279: checking how to recognise dependent libraries
configure:4455: result: pass_all
configure:4692: checking how to run the C preprocessor
configure:4727: gcc -E  conftest.c
configure:4733: $? = 0
configure:4765: gcc -E  conftest.c
conftest.c:11:10: fatal error: 'ac_nonexistent.h' file not found
#include <ac_nonexistent.h>
         ^
1 error generated.
configure:4771: $? = 1
configure: failed program was:
| /* confdefs.h.  */
| 
| #define PACKAGE_NAME ""
| #define PACKAGE_TARNAME ""
| #define PACKAGE_VERSION ""
| #define PACKAGE_STRING ""
| #define PACKAGE_BUGREPORT ""
| #define PACKAGE "mmseg"
| #define VERSION "0.7"
| /* end confdefs.h.  */
| #include <ac_nonexistent.h>
configure:4810: result: gcc -E
configure:4834: gcc -E  conftest.c
configure:4840: $? = 0
configure:4872: gcc -E  conftest.c
conftest.c:11:10: fatal error: 'ac_nonexistent.h' file not found
#include <ac_nonexistent.h>
         ^
1 error generated.
configure:4878: $? = 1
configure: failed program was:
| /* confdefs.h.  */
| 
| #define PACKAGE_NAME ""
| #define PACKAGE_TARNAME ""
| #define PACKAGE_VERSION ""
| #define PACKAGE_STRING ""
| #define PACKAGE_BUGREPORT ""
| #define PACKAGE "mmseg"
| #define VERSION "0.7"
| /* end confdefs.h.  */
| #include <ac_nonexistent.h>
configure:4922: checking for ANSI C header files
configure:4947: gcc -c -g -O2  conftest.c >&5
configure:4953: $? = 0
configure:4957: test -z 
			 || test ! -s conftest.err
configure:4960: $? = 0
configure:4963: test -s conftest.o
configure:4966: $? = 0
configure:5055: gcc -o conftest -g -O2   conftest.c  >&5
conftest.c:28:7: warning: implicitly declaring library function 'exit' with type 'void (int) __attribute__((noreturn))'
      exit(2);
      ^
conftest.c:28:7: note: include the header <stdlib.h> or explicitly provide a declaration for 'exit'
1 warning generated.
configure:5058: $? = 0
configure:5060: ./conftest
configure:5063: $? = 0
configure:5078: result: yes
configure:5102: checking for sys/types.h
configure:5118: gcc -c -g -O2  conftest.c >&5
configure:5124: $? = 0
configure:5128: test -z 
			 || test ! -s conftest.err
configure:5131: $? = 0
configure:5134: test -s conftest.o
configure:5137: $? = 0
configure:5148: result: yes
configure:5102: checking for sys/stat.h
configure:5118: gcc -c -g -O2  conftest.c >&5
configure:5124: $? = 0
configure:5128: test -z 
			 || test ! -s conftest.err
configure:5131: $? = 0
configure:5134: test -s conftest.o
configure:5137: $? = 0
configure:5148: result: yes
configure:5102: checking for stdlib.h
configure:5118: gcc -c -g -O2  conftest.c >&5
configure:5124: $? = 0
configure:5128: test -z 
			 || test ! -s conftest.err
configure:5131: $? = 0
configure:5134: test -s conftest.o
configure:5137: $? = 0
configure:5148: result: yes
configure:5102: checking for string.h
configure:5118: gcc -c -g -O2  conftest.c >&5
configure:5124: $? = 0
configure:5128: test -z 
			 || test ! -s conftest.err
configure:5131: $? = 0
configure:5134: test -s conftest.o
configure:5137: $? = 0
configure:5148: result: yes
configure:5102: checking for memory.h
configure:5118: gcc -c -g -O2  conftest.c >&5
configure:5124: $? = 0
configure:5128: test -z 
			 || test ! -s conftest.err
configure:5131: $? = 0
configure:5134: test -s conftest.o
configure:5137: $? = 0
configure:5148: result: yes
configure:5102: checking for strings.h
configure:5118: gcc -c -g -O2  conftest.c >&5
configure:5124: $? = 0
configure:5128: test -z 
			 || test ! -s conftest.err
configure:5131: $? = 0
configure:5134: test -s conftest.o
configure:5137: $? = 0
configure:5148: result: yes
configure:5102: checking for inttypes.h
configure:5118: gcc -c -g -O2  conftest.c >&5
configure:5124: $? = 0
configure:5128: test -z 
			 || test ! -s conftest.err
configure:5131: $? = 0
configure:5134: test -s conftest.o
configure:5137: $? = 0
configure:5148: result: yes
configure:5102: checking for stdint.h
configure:5118: gcc -c -g -O2  conftest.c >&5
configure:5124: $? = 0
configure:5128: test -z 
			 || test ! -s conftest.err
configure:5131: $? = 0
configure:5134: test -s conftest.o
configure:5137: $? = 0
configure:5148: result: yes
configure:5102: checking for unistd.h
configure:5118: gcc -c -g -O2  conftest.c >&5
configure:5124: $? = 0
configure:5128: test -z 
			 || test ! -s conftest.err
configure:5131: $? = 0
configure:5134: test -s conftest.o
configure:5137: $? = 0
configure:5148: result: yes
configure:5174: checking dlfcn.h usability
configure:5186: gcc -c -g -O2  conftest.c >&5
configure:5192: $? = 0
configure:5196: test -z 
			 || test ! -s conftest.err
configure:5199: $? = 0
configure:5202: test -s conftest.o
configure:5205: $? = 0
configure:5215: result: yes
configure:5219: checking dlfcn.h presence
configure:5229: gcc -E  conftest.c
configure:5235: $? = 0
configure:5255: result: yes
configure:5290: checking for dlfcn.h
configure:5297: result: yes
configure:5362: checking for g++
configure:5378: found /usr/bin/g++
configure:5388: result: g++
configure:5404: checking for C++ compiler version
configure:5407: g++ --version </dev/null >&5
Configured with: --prefix=/Applications/Xcode.app/Contents/Developer/usr --with-gxx-include-dir=/usr/include/c++/4.2.1
Apple LLVM version 7.0.2 (clang-700.1.81)
Target: x86_64-apple-darwin15.2.0
Thread model: posix
configure:5410: $? = 0
configure:5412: g++ -v </dev/null >&5
Configured with: --prefix=/Applications/Xcode.app/Contents/Developer/usr --with-gxx-include-dir=/usr/include/c++/4.2.1
Apple LLVM version 7.0.2 (clang-700.1.81)
Target: x86_64-apple-darwin15.2.0
Thread model: posix
configure:5415: $? = 0
configure:5417: g++ -V </dev/null >&5
clang: error: argument to '-V' is missing (expected 1 value)
clang: error: no input files
configure:5420: $? = 1
configure:5423: checking whether we are using the GNU C++ compiler
configure:5447: g++ -c   conftest.cc >&5
configure:5453: $? = 0
configure:5457: test -z 
			 || test ! -s conftest.err
configure:5460: $? = 0
configure:5463: test -s conftest.o
configure:5466: $? = 0
configure:5479: result: yes
configure:5485: checking whether g++ accepts -g
configure:5506: g++ -c -g  conftest.cc >&5
configure:5512: $? = 0
configure:5516: test -z 
			 || test ! -s conftest.err
configure:5519: $? = 0
configure:5522: test -s conftest.o
configure:5525: $? = 0
configure:5536: result: yes
configure:5578: g++ -c -g -O2  conftest.cc >&5
configure:5584: $? = 0
configure:5588: test -z 
			 || test ! -s conftest.err
configure:5591: $? = 0
configure:5594: test -s conftest.o
configure:5597: $? = 0
configure:5623: g++ -c -g -O2  conftest.cc >&5
conftest.cc:26:1: error: use of undeclared identifier 'exit'
exit (42);
^
1 error generated.
configure:5629: $? = 1
configure: failed program was:
| /* confdefs.h.  */
| 
| #define PACKAGE_NAME ""
| #define PACKAGE_TARNAME ""
| #define PACKAGE_VERSION ""
| #define PACKAGE_STRING ""
| #define PACKAGE_BUGREPORT ""
| #define PACKAGE "mmseg"
| #define VERSION "0.7"
| #define STDC_HEADERS 1
| #define HAVE_SYS_TYPES_H 1
| #define HAVE_SYS_STAT_H 1
| #define HAVE_STDLIB_H 1
| #define HAVE_STRING_H 1
| #define HAVE_MEMORY_H 1
| #define HAVE_STRINGS_H 1
| #define HAVE_INTTYPES_H 1
| #define HAVE_STDINT_H 1
| #define HAVE_UNISTD_H 1
| #define HAVE_DLFCN_H 1
| /* end confdefs.h.  */
| 
| int
| main ()
| {
| exit (42);
|   ;
|   return 0;
| }
configure:5578: g++ -c -g -O2  conftest.cc >&5
conftest.cc:22:17: error: use of undeclared identifier 'std'
extern "C" void std::exit (int) throw (); using std::exit;
                ^
conftest.cc:22:49: error: use of undeclared identifier 'std'
extern "C" void std::exit (int) throw (); using std::exit;
                                                ^
2 errors generated.
configure:5584: $? = 1
configure: failed program was:
| /* confdefs.h.  */
| 
| #define PACKAGE_NAME ""
| #define PACKAGE_TARNAME ""
| #define PACKAGE_VERSION ""
| #define PACKAGE_STRING ""
| #define PACKAGE_BUGREPORT ""
| #define PACKAGE "mmseg"
| #define VERSION "0.7"
| #define STDC_HEADERS 1
| #define HAVE_SYS_TYPES_H 1
| #define HAVE_SYS_STAT_H 1
| #define HAVE_STDLIB_H 1
| #define HAVE_STRING_H 1
| #define HAVE_MEMORY_H 1
| #define HAVE_STRINGS_H 1
| #define HAVE_INTTYPES_H 1
| #define HAVE_STDINT_H 1
| #define HAVE_UNISTD_H 1
| #define HAVE_DLFCN_H 1
| /* end confdefs.h.  */
| extern "C" void std::exit (int) throw (); using std::exit;
| #include <stdlib.h>
| int
| main ()
| {
| exit (42);
|   ;
|   return 0;
| }
configure:5578: g++ -c -g -O2  conftest.cc >&5
conftest.cc:22:17: error: use of undeclared identifier 'std'
extern "C" void std::exit (int); using std::exit;
                ^
conftest.cc:22:40: error: use of undeclared identifier 'std'
extern "C" void std::exit (int); using std::exit;
                                       ^
2 errors generated.
configure:5584: $? = 1
configure: failed program was:
| /* confdefs.h.  */
| 
| #define PACKAGE_NAME ""
| #define PACKAGE_TARNAME ""
| #define PACKAGE_VERSION ""
| #define PACKAGE_STRING ""
| #define PACKAGE_BUGREPORT ""
| #define PACKAGE "mmseg"
| #define VERSION "0.7"
| #define STDC_HEADERS 1
| #define HAVE_SYS_TYPES_H 1
| #define HAVE_SYS_STAT_H 1
| #define HAVE_STDLIB_H 1
| #define HAVE_STRING_H 1
| #define HAVE_MEMORY_H 1
| #define HAVE_STRINGS_H 1
| #define HAVE_INTTYPES_H 1
| #define HAVE_STDINT_H 1
| #define HAVE_UNISTD_H 1
| #define HAVE_DLFCN_H 1
| /* end confdefs.h.  */
| extern "C" void std::exit (int); using std::exit;
| #include <stdlib.h>
| int
| main ()
| {
| exit (42);
|   ;
|   return 0;
| }
configure:5578: g++ -c -g -O2  conftest.cc >&5
configure:5584: $? = 0
configure:5588: test -z 
			 || test ! -s conftest.err
configure:5591: $? = 0
configure:5594: test -s conftest.o
configure:5597: $? = 0
configure:5623: g++ -c -g -O2  conftest.cc >&5
configure:5629: $? = 0
configure:5633: test -z 
			 || test ! -s conftest.err
configure:5636: $? = 0
configure:5639: test -s conftest.o
configure:5642: $? = 0
configure:5667: checking dependency style of g++
configure:5757: result: gcc3
configure:5784: checking how to run the C++ preprocessor
configure:5815: g++ -E  conftest.cc
configure:5821: $? = 0
configure:5853: g++ -E  conftest.cc
conftest.cc:25:10: fatal error: 'ac_nonexistent.h' file not found
#include <ac_nonexistent.h>
         ^
1 error generated.
configure:5859: $? = 1
configure: failed program was:
| /* confdefs.h.  */
| 
| #define PACKAGE_NAME ""
| #define PACKAGE_TARNAME ""
| #define PACKAGE_VERSION ""
| #define PACKAGE_STRING ""
| #define PACKAGE_BUGREPORT ""
| #define PACKAGE "mmseg"
| #define VERSION "0.7"
| #define STDC_HEADERS 1
| #define HAVE_SYS_TYPES_H 1
| #define HAVE_SYS_STAT_H 1
| #define HAVE_STDLIB_H 1
| #define HAVE_STRING_H 1
| #define HAVE_MEMORY_H 1
| #define HAVE_STRINGS_H 1
| #define HAVE_INTTYPES_H 1
| #define HAVE_STDINT_H 1
| #define HAVE_UNISTD_H 1
| #define HAVE_DLFCN_H 1
| #ifdef __cplusplus
| extern "C" void exit (int) throw ();
| #endif
| /* end confdefs.h.  */
| #include <ac_nonexistent.h>
configure:5898: result: g++ -E
configure:5922: g++ -E  conftest.cc
configure:5928: $? = 0
configure:5960: g++ -E  conftest.cc
conftest.cc:25:10: fatal error: 'ac_nonexistent.h' file not found
#include <ac_nonexistent.h>
         ^
1 error generated.
configure:5966: $? = 1
configure: failed program was:
| /* confdefs.h.  */
| 
| #define PACKAGE_NAME ""
| #define PACKAGE_TARNAME ""
| #define PACKAGE_VERSION ""
| #define PACKAGE_STRING ""
| #define PACKAGE_BUGREPORT ""
| #define PACKAGE "mmseg"
| #define VERSION "0.7"
| #define STDC_HEADERS 1
| #define HAVE_SYS_TYPES_H 1
| #define HAVE_SYS_STAT_H 1
| #define HAVE_STDLIB_H 1
| #define HAVE_STRING_H 1
| #define HAVE_MEMORY_H 1
| #define HAVE_STRINGS_H 1
| #define HAVE_INTTYPES_H 1
| #define HAVE_STDINT_H 1
| #define HAVE_UNISTD_H 1
| #define HAVE_DLFCN_H 1
| #ifdef __cplusplus
| extern "C" void exit (int) throw ();
| #endif
| /* end confdefs.h.  */
| #include <ac_nonexistent.h>
configure:6063: checking for g77
configure:6092: result: no
configure:6063: checking for f77
configure:6092: result: no
configure:6063: checking for xlf
configure:6092: result: no
configure:6063: checking for frt
configure:6092: result: no
configure:6063: checking for pgf77
configure:6092: result: no
configure:6063: checking for fort77
configure:6092: result: no
configure:6063: checking for fl32
configure:6092: result: no
configure:6063: checking for af77
configure:6092: result: no
configure:6063: checking for f90
configure:6092: result: no
configure:6063: checking for xlf90
configure:6092: result: no
configure:6063: checking for pgf90
configure:6092: result: no
configure:6063: checking for epcf90
configure:6092: result: no
configure:6063: checking for f95
configure:6092: result: no
configure:6063: checking for fort
configure:6092: result: no
configure:6063: checking for xlf95
configure:6092: result: no
configure:6063: checking for ifc
configure:6092: result: no
configure:6063: checking for efc
configure:6092: result: no
configure:6063: checking for pgf95
configure:6092: result: no
configure:6063: checking for lf95
configure:6092: result: no
configure:6063: checking for gfortran
configure:6092: result: no
configure:6104: checking for Fortran 77 compiler version
configure:6107:  --version </dev/null >&5
./configure: line 6108: --version: command not found
configure:6110: $? = 127
configure:6112:  -v </dev/null >&5
./configure: line 6113: -v: command not found
configure:6115: $? = 127
configure:6117:  -V </dev/null >&5
./configure: line 6118: -V: command not found
configure:6120: $? = 127
configure:6128: checking whether we are using the GNU Fortran 77 compiler
configure:6142:  -c  conftest.F >&5
./configure: line 6143: -c: command not found
configure:6148: $? = 127
configure: failed program was:
|       program main
| #ifndef __GNUC__
|        choke me
| #endif
| 
|       end
configure:6174: result: no
configure:6180: checking whether  accepts -g
configure:6192:  -c -g conftest.f >&5
./configure: line 6193: -c: command not found
configure:6198: $? = 127
configure: failed program was:
|       program main
| 
|       end
configure:6223: result: no
configure:6253: checking the maximum length of command line arguments
configure:6362: result: 196608
configure:6373: checking command to parse /usr/bin/nm output from gcc object
configure:6478: gcc -c -g -O2  conftest.c >&5
configure:6481: $? = 0
configure:6485: /usr/bin/nm conftest.o \| sed -n -e 's/^.*[ 	]\([BCDEGRST][BCDEGRST]*\)[ 	][ 	]*\([_A-Za-z][_A-Za-z0-9]*\)$/\1 \2 \2/p' \> conftest.nm
configure:6488: $? = 0
cannot find nm_test_var in conftest.nm
configure:6478: gcc -c -g -O2  conftest.c >&5
configure:6481: $? = 0
configure:6485: /usr/bin/nm conftest.o \| sed -n -e 's/^.*[ 	]\([BCDEGRST][BCDEGRST]*\)[ 	][ 	]*_\([_A-Za-z][_A-Za-z0-9]*\)$/\1 _\2 \2/p' \> conftest.nm
configure:6488: $? = 0
configure:6540: gcc -o conftest -g -O2   conftest.c conftstm.o >&5
warning: (x86_64)  could not find object file symbol for symbol _main
configure:6543: $? = 0
configure:6581: result: ok
configure:6585: checking for objdir
configure:6600: result: .libs
configure:6690: checking for ar
configure:6706: found /usr/bin/ar
configure:6717: result: ar
configure:6770: checking for ranlib
configure:6786: found /usr/bin/ranlib
configure:6797: result: ranlib
configure:6850: checking for strip
configure:6866: found /usr/bin/strip
configure:6877: result: strip
configure:7149: checking if gcc supports -fno-rtti -fno-exceptions
configure:7167: gcc -c -g -O2  -fno-rtti -fno-exceptions conftest.c >&5
configure:7171: $? = 0
configure:7184: result: yes
configure:7199: checking for gcc option to produce PIC
configure:7409: result: -fno-common
configure:7417: checking if gcc PIC flag -fno-common works
configure:7435: gcc -c -g -O2  -fno-common -DPIC conftest.c >&5
configure:7439: $? = 0
configure:7452: result: yes
configure:7480: checking if gcc static flag -static works
configure:7508: result: no
configure:7518: checking if gcc supports -c -o file.o
configure:7539: gcc -c -g -O2  -o out/conftest2.o conftest.c >&5
configure:7543: $? = 0
configure:7565: result: yes
configure:7591: checking whether the gcc linker (/Applications/Xcode.app/Contents/Developer/Toolchains/XcodeDefault.xctoolchain/usr/bin/ld) supports shared libraries
configure:8549: result: yes
configure:8616: checking dynamic linker characteristics
configure:9225: result: darwin15.2.0 dyld
configure:9234: checking how to hardcode library paths into programs
configure:9259: result: immediate
configure:9273: checking whether stripping libraries is possible
configure:9286: result: yes
configure:10112: checking if libtool supports shared libraries
configure:10114: result: yes
configure:10117: checking whether to build shared libraries
configure:10138: result: yes
configure:10141: checking whether to build static libraries
configure:10145: result: yes
configure:10237: creating libtool
configure:10828: checking for ld used by g++
configure:10895: result: /Applications/Xcode.app/Contents/Developer/Toolchains/XcodeDefault.xctoolchain/usr/bin/ld
configure:10904: checking if the linker (/Applications/Xcode.app/Contents/Developer/Toolchains/XcodeDefault.xctoolchain/usr/bin/ld) is GNU ld
configure:10919: result: no
configure:10970: checking whether the g++ linker (/Applications/Xcode.app/Contents/Developer/Toolchains/XcodeDefault.xctoolchain/usr/bin/ld) supports shared libraries
configure:11908: result: yes
configure:11926: g++ -c -g -O2  conftest.cpp >&5
configure:11929: $? = 0
configure:12048: checking for g++ option to produce PIC
configure:12322: result: -fno-common
configure:12330: checking if g++ PIC flag -fno-common works
configure:12348: g++ -c -g -O2  -fno-common -DPIC conftest.cpp >&5
configure:12352: $? = 0
configure:12365: result: yes
configure:12393: checking if g++ static flag -static works
configure:12421: result: no
configure:12431: checking if g++ supports -c -o file.o
configure:12452: g++ -c -g -O2  -o out/conftest2.o conftest.cpp >&5
configure:12456: $? = 0
configure:12478: result: yes
configure:12504: checking whether the g++ linker (/Applications/Xcode.app/Contents/Developer/Toolchains/XcodeDefault.xctoolchain/usr/bin/ld) supports shared libraries
configure:12529: result: yes
configure:12596: checking dynamic linker characteristics
configure:13205: result: darwin15.2.0 dyld
configure:13214: checking how to hardcode library paths into programs
configure:13239: result: immediate
configure:19444: checking for ANSI C header files
configure:19600: result: yes
configure:19610: checking for sys/wait.h that is POSIX.1 compatible
configure:19641: gcc -c -g -O2  conftest.c >&5
configure:19647: $? = 0
configure:19651: test -z 
			 || test ! -s conftest.err
configure:19654: $? = 0
configure:19657: test -s conftest.o
configure:19660: $? = 0
configure:19671: result: yes
configure:19689: checking for stdlib.h
configure:19694: result: yes
configure:19689: checking for unistd.h
configure:19694: result: yes
configure:19698: checking errno.h usability
configure:19710: gcc -c -g -O2  conftest.c >&5
configure:19716: $? = 0
configure:19720: test -z 
			 || test ! -s conftest.err
configure:19723: $? = 0
configure:19726: test -s conftest.o
configure:19729: $? = 0
configure:19739: result: yes
configure:19743: checking errno.h presence
configure:19753: gcc -E  conftest.c
configure:19759: $? = 0
configure:19779: result: yes
configure:19814: checking for errno.h
configure:19821: result: yes
configure:19698: checking assert.h usability
configure:19710: gcc -c -g -O2  conftest.c >&5
configure:19716: $? = 0
configure:19720: test -z 
			 || test ! -s conftest.err
configure:19723: $? = 0
configure:19726: test -s conftest.o
configure:19729: $? = 0
configure:19739: result: yes
configure:19743: checking assert.h presence
configure:19753: gcc -E  conftest.c
configure:19759: $? = 0
configure:19779: result: yes
configure:19814: checking for assert.h
configure:19821: result: yes
configure:19840: checking for string.h
configure:19845: result: yes
configure:20313: checking stdarg.h usability
configure:20325: gcc -c -g -O2  conftest.c >&5
configure:20331: $? = 0
configure:20335: test -z 
			 || test ! -s conftest.err
configure:20338: $? = 0
configure:20341: test -s conftest.o
configure:20344: $? = 0
configure:20354: result: yes
configure:20358: checking stdarg.h presence
configure:20368: gcc -E  conftest.c
configure:20374: $? = 0
configure:20394: result: yes
configure:20429: checking for stdarg.h
configure:20436: result: yes
configure:20462: checking for an ANSI C-conforming const
configure:20529: gcc -c -g -O2  conftest.c >&5
configure:20535: $? = 0
configure:20539: test -z 
			 || test ! -s conftest.err
configure:20542: $? = 0
configure:20545: test -s conftest.o
configure:20548: $? = 0
configure:20559: result: yes
configure:20569: checking for pid_t
configure:20593: gcc -c -g -O2  conftest.c >&5
configure:20599: $? = 0
configure:20603: test -z 
			 || test ! -s conftest.err
configure:20606: $? = 0
configure:20609: test -s conftest.o
configure:20612: $? = 0
configure:20623: result: yes
configure:20635: checking for size_t
configure:20659: gcc -c -g -O2  conftest.c >&5
configure:20665: $? = 0
configure:20669: test -z 
			 || test ! -s conftest.err
configure:20672: $? = 0
configure:20675: test -s conftest.o
configure:20678: $? = 0
configure:20689: result: yes
configure:20802: checking for sys_errlist
configure:20823: gcc -o conftest -g -O2   conftest.c  >&5
configure:20829: $? = 0
configure:20833: test -z 
			 || test ! -s conftest.err
configure:20836: $? = 0
configure:20839: test -s conftest
configure:20842: $? = 0
configure:20854: result: yes
configure:20863: checking for sys_siglist
configure:20884: gcc -o conftest -g -O2   conftest.c  >&5
configure:20890: $? = 0
configure:20894: test -z 
			 || test ! -s conftest.err
configure:20897: $? = 0
configure:20900: test -s conftest
configure:20903: $? = 0
configure:20915: result: yes
configure:20930: checking for bzero
configure:20987: gcc -o conftest -g -O2   conftest.c  >&5
conftest.c:59:6: warning: incompatible redeclaration of library function 'bzero' [-Wincompatible-library-redeclaration]
char bzero ();
     ^
conftest.c:59:6: note: 'bzero' is a builtin with type 'void (void *, unsigned long)'
1 warning generated.
configure:20993: $? = 0
configure:20997: test -z 
			 || test ! -s conftest.err
configure:21000: $? = 0
configure:21003: test -s conftest
configure:21006: $? = 0
configure:21018: result: yes
configure:21034: checking for calloc
configure:21091: gcc -o conftest -g -O2   conftest.c  >&5
conftest.c:60:6: warning: incompatible redeclaration of library function 'calloc' [-Wincompatible-library-redeclaration]
char calloc ();
     ^
conftest.c:60:6: note: 'calloc' is a builtin with type 'void *(unsigned long, unsigned long)'
1 warning generated.
configure:21097: $? = 0
configure:21101: test -z 
			 || test ! -s conftest.err
configure:21104: $? = 0
configure:21107: test -s conftest
configure:21110: $? = 0
configure:21122: result: yes
configure:21034: checking for strchr
configure:21091: gcc -o conftest -g -O2   conftest.c  >&5
conftest.c:61:6: warning: incompatible redeclaration of library function 'strchr' [-Wincompatible-library-redeclaration]
char strchr ();
     ^
conftest.c:61:6: note: 'strchr' is a builtin with type 'char *(const char *, int)'
1 warning generated.
configure:21097: $? = 0
configure:21101: test -z 
			 || test ! -s conftest.err
configure:21104: $? = 0
configure:21107: test -s conftest
configure:21110: $? = 0
configure:21122: result: yes
configure:21034: checking for strrchr
configure:21091: gcc -o conftest -g -O2   conftest.c  >&5
conftest.c:62:6: warning: incompatible redeclaration of library function 'strrchr' [-Wincompatible-library-redeclaration]
char strrchr ();
     ^
conftest.c:62:6: note: 'strrchr' is a builtin with type 'char *(const char *, int)'
1 warning generated.
configure:21097: $? = 0
configure:21101: test -z 
			 || test ! -s conftest.err
configure:21104: $? = 0
configure:21107: test -s conftest
configure:21110: $? = 0
configure:21122: result: yes
configure:21142: checking for basename
configure:21199: gcc -o conftest -g -O2   conftest.c  >&5
configure:21205: $? = 0
configure:21209: test -z 
			 || test ! -s conftest.err
configure:21212: $? = 0
configure:21215: test -s conftest
configure:21218: $? = 0
configure:21230: result: yes
configure:21142: checking for strspn
configure:21199: gcc -o conftest -g -O2   conftest.c  >&5
conftest.c:64:6: warning: incompatible redeclaration of library function 'strspn' [-Wincompatible-library-redeclaration]
char strspn ();
     ^
conftest.c:64:6: note: 'strspn' is a builtin with type 'unsigned long (const char *, const char *)'
1 warning generated.
configure:21205: $? = 0
configure:21209: test -z 
			 || test ! -s conftest.err
configure:21212: $? = 0
configure:21215: test -s conftest
configure:21218: $? = 0
configure:21230: result: yes
configure:21142: checking for strcspn
configure:21199: gcc -o conftest -g -O2   conftest.c  >&5
conftest.c:65:6: warning: incompatible redeclaration of library function 'strcspn' [-Wincompatible-library-redeclaration]
char strcspn ();
     ^
conftest.c:65:6: note: 'strcspn' is a builtin with type 'unsigned long (const char *, const char *)'
1 warning generated.
configure:21205: $? = 0
configure:21209: test -z 
			 || test ! -s conftest.err
configure:21212: $? = 0
configure:21215: test -s conftest
configure:21218: $? = 0
configure:21230: result: yes
configure:21142: checking for strerror
configure:21199: gcc -o conftest -g -O2   conftest.c  >&5
conftest.c:66:6: warning: incompatible redeclaration of library function 'strerror' [-Wincompatible-library-redeclaration]
char strerror ();
     ^
conftest.c:66:6: note: 'strerror' is a builtin with type 'char *(int)'
1 warning generated.
configure:21205: $? = 0
configure:21209: test -z 
			 || test ! -s conftest.err
configure:21212: $? = 0
configure:21215: test -s conftest
configure:21218: $? = 0
configure:21230: result: yes
configure:21142: checking for strsignal
configure:21199: gcc -o conftest -g -O2   conftest.c  >&5
configure:21205: $? = 0
configure:21209: test -z 
			 || test ! -s conftest.err
configure:21212: $? = 0
configure:21215: test -s conftest
configure:21218: $? = 0
configure:21230: result: yes
configure:21142: checking for vfprintf
configure:21199: gcc -o conftest -g -O2   conftest.c  >&5
conftest.c:68:6: warning: incompatible redeclaration of library function 'vfprintf' [-Wincompatible-library-redeclaration]
char vfprintf ();
     ^
conftest.c:68:6: note: 'vfprintf' is a builtin with type 'int ()'
1 warning generated.
configure:21205: $? = 0
configure:21209: test -z 
			 || test ! -s conftest.err
configure:21212: $? = 0
configure:21215: test -s conftest
configure:21218: $? = 0
configure:21230: result: yes
configure:21142: checking for waitpid
configure:21199: gcc -o conftest -g -O2   conftest.c  >&5
configure:21205: $? = 0
configure:21209: test -z 
			 || test ! -s conftest.err
configure:21212: $? = 0
configure:21215: test -s conftest
configure:21218: $? = 0
configure:21230: result: yes
configure:21408: creating ./config.status

## ---------------------- ##
## Running config.status. ##
## ---------------------- ##

This file was extended by config.status, which was
generated by GNU Autoconf 2.59.  Invocation command line was

  CONFIG_FILES    = 
  CONFIG_HEADERS  = 
  CONFIG_LINKS    = 
  CONFIG_COMMANDS = 
  $ ./config.status 

on zhudongchangdeMacBook-Pro.local

config.status:746: creating Makefile
config.status:746: creating src/Makefile
config.status:850: creating config.h
config.status:1198: executing depfiles commands
config.status:1198: executing default-1 commands
config.status:1198: executing default commands

## ---------------- ##
## Cache variables. ##
## ---------------- ##

ac_cv_build=i686-apple-darwin15.2.0
ac_cv_build_alias=i686-apple-darwin15.2.0
ac_cv_c_compiler_gnu=yes
ac_cv_c_const=yes
ac_cv_cxx_compiler_gnu=yes
ac_cv_env_CC_set=
ac_cv_env_CC_value=
ac_cv_env_CFLAGS_set=
ac_cv_env_CFLAGS_value=
ac_cv_env_CPPFLAGS_set=
ac_cv_env_CPPFLAGS_value=
ac_cv_env_CPP_set=
ac_cv_env_CPP_value=
ac_cv_env_CXXCPP_set=
ac_cv_env_CXXCPP_value=
ac_cv_env_CXXFLAGS_set=
ac_cv_env_CXXFLAGS_value=
ac_cv_env_CXX_set=
ac_cv_env_CXX_value=
ac_cv_env_F77_set=
ac_cv_env_F77_value=
ac_cv_env_FFLAGS_set=
ac_cv_env_FFLAGS_value=
ac_cv_env_LDFLAGS_set=
ac_cv_env_LDFLAGS_value=
ac_cv_env_build_alias_set=
ac_cv_env_build_alias_value=
ac_cv_env_host_alias_set=
ac_cv_env_host_alias_value=
ac_cv_env_target_alias_set=
ac_cv_env_target_alias_value=
ac_cv_exeext=
ac_cv_f77_compiler_gnu=no
ac_cv_func_basename=yes
ac_cv_func_bzero=yes
ac_cv_func_calloc=yes
ac_cv_func_strchr=yes
ac_cv_func_strcspn=yes
ac_cv_func_strerror=yes
ac_cv_func_strrchr=yes
ac_cv_func_strsignal=yes
ac_cv_func_strspn=yes
ac_cv_func_vfprintf=yes
ac_cv_func_waitpid=yes
ac_cv_header_assert_h=yes
ac_cv_header_dlfcn_h=yes
ac_cv_header_errno_h=yes
ac_cv_header_inttypes_h=yes
ac_cv_header_memory_h=yes
ac_cv_header_stdarg_h=yes
ac_cv_header_stdc=yes
ac_cv_header_stdint_h=yes
ac_cv_header_stdlib_h=yes
ac_cv_header_string_h=yes
ac_cv_header_strings_h=yes
ac_cv_header_sys_stat_h=yes
ac_cv_header_sys_types_h=yes
ac_cv_header_sys_wait_h=yes
ac_cv_header_unistd_h=yes
ac_cv_host=i686-apple-darwin15.2.0
ac_cv_host_alias=i686-apple-darwin15.2.0
ac_cv_objext=o
ac_cv_path_install='/usr/bin/install -c'
ac_cv_prog_AWK=awk
ac_cv_prog_CPP='gcc -E'
ac_cv_prog_CXXCPP='g++ -E'
ac_cv_prog_ac_ct_AR=ar
ac_cv_prog_ac_ct_CC=gcc
ac_cv_prog_ac_ct_CXX=g++
ac_cv_prog_ac_ct_RANLIB=ranlib
ac_cv_prog_ac_ct_STRIP=strip
ac_cv_prog_cc_g=yes
ac_cv_prog_cc_stdc=
ac_cv_prog_cxx_g=yes
ac_cv_prog_egrep='grep -E'
ac_cv_prog_f77_g=no
ac_cv_prog_make_make_set=yes
ac_cv_type_pid_t=yes
ac_cv_type_size_t=yes
am_cv_CC_dependencies_compiler_type=gcc3
am_cv_CXX_dependencies_compiler_type=gcc3
am_cv_prog_cc_stdc=
lt_cv_deplibs_check_method=pass_all
lt_cv_file_magic_cmd='$MAGIC_CMD'
lt_cv_file_magic_test_file=
lt_cv_ld_reload_flag=-r
lt_cv_objdir=.libs
lt_cv_path_LD=/Applications/Xcode.app/Contents/Developer/Toolchains/XcodeDefault.xctoolchain/usr/bin/ld
lt_cv_path_LDCXX=/Applications/Xcode.app/Contents/Developer/Toolchains/XcodeDefault.xctoolchain/usr/bin/ld
lt_cv_path_NM=/usr/bin/nm
lt_cv_path_SED=/usr/bin/sed
lt_cv_prog_compiler_c_o=yes
lt_cv_prog_compiler_c_o_CXX=yes
lt_cv_prog_compiler_rtti_exceptions=yes
lt_cv_prog_gnu_ld=no
lt_cv_prog_gnu_ldcxx=no
lt_cv_sys_global_symbol_pipe='sed -n -e '\''s/^.*[ 	]\([BCDEGRST][BCDEGRST]*\)[ 	][ 	]*_\([_A-Za-z][_A-Za-z0-9]*\)$/\1 _\2 \2/p'\'''
lt_cv_sys_global_symbol_to_c_name_address='sed -n -e '\''s/^: \([^ ]*\) $/  {\"\1\", (lt_ptr) 0},/p'\'' -e '\''s/^[BCDEGRST] \([^ ]*\) \([^ ]*\)$/  {"\2", (lt_ptr) \&\2},/p'\'''
lt_cv_sys_global_symbol_to_cdecl='sed -n -e '\''s/^. .* \(.*\)$/extern int \1;/p'\'''
lt_cv_sys_max_cmd_len=196608
lt_lt_cv_prog_compiler_c_o='"yes"'
lt_lt_cv_prog_compiler_c_o_CXX='"yes"'
lt_lt_cv_sys_global_symbol_pipe='"sed -n -e '\''s/^.*[ 	]\\([BCDEGRST][BCDEGRST]*\\)[ 	][ 	]*_\\([_A-Za-z][_A-Za-z0-9]*\\)\$/\\1 _\\2 \\2/p'\''"'
lt_lt_cv_sys_global_symbol_to_c_name_address='"sed -n -e '\''s/^: \\([^ ]*\\) \$/  {\\\"\\1\\\", (lt_ptr) 0},/p'\'' -e '\''s/^[BCDEGRST] \\([^ ]*\\) \\([^ ]*\\)\$/  {\"\\2\", (lt_ptr) \\&\\2},/p'\''"'
lt_lt_cv_sys_global_symbol_to_cdecl='"sed -n -e '\''s/^. .* \\(.*\\)\$/extern int \\1;/p'\''"'
sic_cv_var_sys_errlist=yes
sic_cv_var_sys_siglist=yes

## ----------------- ##
## Output variables. ##
## ----------------- ##

ACLOCAL='aclocal-1.9'
AMDEPBACKSLASH='\'
AMDEP_FALSE='#'
AMDEP_TRUE=''
AMTAR='tar'
AR='ar'
AUTOCONF='autoconf'
AUTOHEADER='autoheader'
AUTOMAKE='automake-1.9'
AWK='awk'
CC='gcc'
CCDEPMODE='depmode=gcc3'
CFLAGS='-g -O2'
CPP='gcc -E'
CPPFLAGS=''
CXX='g++'
CXXCPP='g++ -E'
CXXDEPMODE='depmode=gcc3'
CXXFLAGS='-g -O2'
CYGPATH_W='echo'
DEFS='-DHAVE_CONFIG_H'
DEPDIR='.deps'
ECHO='/bin/echo'
ECHO_C='ECHO_N=''
ECHO_T=''
EGREP='grep -E'
EXEEXT=''
F77=''
FFLAGS=''
INSTALL_DATA='${INSTALL} -m 644'
INSTALL_PROGRAM='${INSTALL}'
INSTALL_SCRIPT='${INSTALL}'
INSTALL_STRIP_PROGRAM='${SHELL} $(install_sh) -c -s'
LDFLAGS=''
LIBOBJS=' $U.o'
LIBS=''
LIBTOOL='$(SHELL) $(top_builddir)/libtool'
LN_S='ln -s'
LTLIBOBJS=' $U.lo'
MAKEINFO='makeinfo'
OBJEXT='o'
PACKAGE='mmseg'
PACKAGE_BUGREPORT=''
PACKAGE_NAME=''
PACKAGE_STRING=''
PACKAGE_TARNAME=''
PACKAGE_VERSION=''
PATH_SEPARATOR=':'
RANLIB='ranlib'
SED='/usr/bin/sed'
SET_MAKE=''
SHELL='/bin/sh'
STRIP='strip'
VERSION='0.7'
WITH_READLINE_FALSE=''
WITH_READLINE_TRUE='#'
ac_aux_dir='config'
ac_ct_AR='ar'
ac_ct_CC='gcc'
ac_ct_CXX='g++'
ac_ct_F77=''
ac_ct_RANLIB='ranlib'
ac_ct_STRIP='strip'
am__fastdepCC_FALSE='#'
am__fastdepCC_TRUE=''
am__fastdepCXX_FALSE='#'
am__fastdepCXX_TRUE=''
am__include='include'
am__leading_dot='.'
am__quote=''
am__tar='${AMTAR} chof - "$$tardir"'
am__untar='${AMTAR} xf -'
bindir='${exec_prefix}/bin'
build='i686-apple-darwin15.2.0'
build_alias=''
build_cpu='i686'
build_os='darwin15.2.0'
build_vendor='apple'
datadir='${prefix}/share'
exec_prefix='${prefix}'
host='i686-apple-darwin15.2.0'
host_alias=''
host_cpu='i686'
host_os='darwin15.2.0'
host_vendor='apple'
includedir='${prefix}/include'
infodir='${prefix}/info'
install_sh='/Users/zhudongchang/WorkData/tool/mmseg-3.1/config/install-sh'
libdir='${exec_prefix}/lib'
libexecdir='${exec_prefix}/libexec'
localstatedir='${prefix}/var'
mandir='${prefix}/man'
mkdir_p='$(mkinstalldirs)'
oldincludedir='/usr/include'
prefix='/usr/local/mmseg3'
program_transform_name='s,x,x,'
sbindir='${exec_prefix}/sbin'
sharedstatedir='${prefix}/com'
sysconfdir='${prefix}/etc'
target_alias=''

## ----------- ##
## confdefs.h. ##
## ----------- ##

#define HAVE_ASSERT_H 1
#define HAVE_BASENAME 1
#define HAVE_BZERO 1
#define HAVE_CALLOC 1
#define HAVE_DLFCN_H 1
#define HAVE_ERRNO_H 1
#define HAVE_INTTYPES_H 1
#define HAVE_MEMORY_H 1
#define HAVE_STDARG_H 1
#define HAVE_STDINT_H 1
#define HAVE_STDLIB_H 1
#define HAVE_STDLIB_H 1
#define HAVE_STRCHR 1
#define HAVE_STRCSPN 1
#define HAVE_STRERROR 1
#define HAVE_STRINGS_H 1
#define HAVE_STRING_H 1
#define HAVE_STRING_H 1
#define HAVE_STRRCHR 1
#define HAVE_STRSIGNAL 1
#define HAVE_STRSPN 1
#define HAVE_SYS_ERRLIST 1
#define HAVE_SYS_SIGLIST 1
#define HAVE_SYS_STAT_H 1
#define HAVE_SYS_TYPES_H 1
#define HAVE_SYS_WAIT_H 1
#define HAVE_UNISTD_H 1
#define HAVE_UNISTD_H 1
#define HAVE_VFPRINTF 1
#define HAVE_WAITPID 1
#define PACKAGE "mmseg"
#define PACKAGE_BUGREPORT ""
#define PACKAGE_NAME ""
#define PACKAGE_STRING ""
#define PACKAGE_TARNAME ""
#define PACKAGE_VERSION ""
#define STDC_HEADERS 1
#define STDC_HEADERS 1
#define VERSION "0.7"
#endif
#ifdef __cplusplus
extern "C" void exit (int) throw ();

configure: exit 0
