This file contains any messages produced by compilers while
running configure, to aid debugging if configure makes a mistake.

It was created by configure, which was
generated by GNU Autoconf 2.59.  Invocation command line was

  $ ./configure --prefix=/usr/local/mmseg3

## --------- ##
## Platform. ##
## --------- ##

hostname = zhudongchangdeMacBook-Pro.local
uname -m = x86_64
uname -r = 15.2.0
uname -s = Darwin
uname -v = Darwin Kernel Version 15.2.0: Fri Nov 13 19:56:56 PST 2015; root:xnu-3248.20.55~2/RELEASE_X86_64

/usr/bin/uname -p = i386
/bin/uname -X     = unknown

/bin/arch              = unknown
/usr/bin/arch -k       = unknown
/usr/convex/getsysinfo = unknown
hostinfo               = Mach kernel version:
	 Darwin Kernel Version 15.2.0: Fri Nov 13 19:56:56 PST 2015; root:xnu-3248.20.55~2/RELEASE_X86_64
Kernel configured for up to 4 processors.
2 processors are physically available.
4 processors are logically available.
Processor type: x86_64h (Intel x86-64h Haswell)
Processors active: 0 1 2 3
Primary memory available: 8.00 gigabytes
Default processor set: 293 tasks, 1549 threads, 4 processors
Load average: 2.40, Mach factor: 1.62
/bin/machine           = unknown
/usr/bin/oslevel       = unknown
/bin/universe          = unknown

PATH: /usr/local/bin
PATH: /usr/local/sbin
PATH: /Users/zhudongchang/bin
PATH: /usr/local/bin
PATH: /usr/local/bin
PATH: /usr/bin
PATH: /bin
PATH: /usr/sbin
PATH: /sbin
PATH: /Users/zhudongchang/WorkData/sh


## ----------- ##
## Core tests. ##
## ----------- ##

configure:1539: checking for a BSD-compatible install
configure:1594: result: /usr/bin/install -c
configure:1605: checking whether build environment is sane
configure:1648: result: yes
configure:1672: WARNING: `missing' script is too old or missing
configure:1713: checking for gawk
configure:1742: result: no
configure:1713: checking for mawk
configure:1742: result: no
configure:1713: checking for nawk
configure:1742: result: no
configure:1713: checking for awk
configure:1729: found /usr/bin/awk
configure:1739: result: awk
configure:1749: checking whether make sets $(MAKE)
configure:1769: result: yes
configure:1991: checking for g++
configure:2007: found /usr/bin/g++
configure:2017: result: g++
configure:2033: checking for C++ compiler version
configure:2036: g++ --version </dev/null >&5
Configured with: --prefix=/Applications/Xcode.app/Contents/Developer/usr --with-gxx-include-dir=/usr/include/c++/4.2.1
Apple LLVM version 7.0.2 (clang-700.1.81)
Target: x86_64-apple-darwin15.2.0
Thread model: posix
configure:2039: $? = 0
configure:2041: g++ -v </dev/null >&5
Configured with: --prefix=/Applications/Xcode.app/Contents/Developer/usr --with-gxx-include-dir=/usr/include/c++/4.2.1
Apple LLVM version 7.0.2 (clang-700.1.81)
Target: x86_64-apple-darwin15.2.0
Thread model: posix
configure:2044: $? = 0
configure:2046: g++ -V </dev/null >&5
clang: error: argument to '-V' is missing (expected 1 value)
clang: error: no input files
configure:2049: $? = 1
configure:2072: checking for C++ compiler default output file name
configure:2075: g++    conftest.cc  >&5
configure:2078: $? = 0
configure:2124: result: a.out
configure:2129: checking whether the C++ compiler works
configure:2135: ./a.out
configure:2138: $? = 0
configure:2155: result: yes
configure:2162: checking whether we are cross compiling
configure:2164: result: no
configure:2167: checking for suffix of executables
configure:2169: g++ -o conftest    conftest.cc  >&5
configure:2172: $? = 0
configure:2197: result: 
configure:2203: checking for suffix of object files
configure:2224: g++ -c   conftest.cc >&5
configure:2227: $? = 0
configure:2249: result: o
configure:2253: checking whether we are using the GNU C++ compiler
configure:2277: g++ -c   conftest.cc >&5
configure:2283: $? = 0
configure:2287: test -z 
			 || test ! -s conftest.err
configure:2290: $? = 0
configure:2293: test -s conftest.o
configure:2296: $? = 0
configure:2309: result: yes
configure:2315: checking whether g++ accepts -g
configure:2336: g++ -c -g  conftest.cc >&5
configure:2342: $? = 0
configure:2346: test -z 
			 || test ! -s conftest.err
configure:2349: $? = 0
configure:2352: test -s conftest.o
configure:2355: $? = 0
configure:2366: result: yes
configure:2408: g++ -c -g -O2  conftest.cc >&5
configure:2414: $? = 0
configure:2418: test -z 
			 || test ! -s conftest.err
configure:2421: $? = 0
configure:2424: test -s conftest.o
configure:2427: $? = 0
configure:2453: g++ -c -g -O2  conftest.cc >&5
conftest.cc:15:1: error: use of undeclared identifier 'exit'
exit (42);
^
1 error generated.
configure:2459: $? = 1
configure: failed program was:
| /* confdefs.h.  */
| 
| #define PACKAGE_NAME ""
| #define PACKAGE_TARNAME ""
| #define PACKAGE_VERSION ""
| #define PACKAGE_STRING ""
| #define PACKAGE_BUGREPORT ""
| #define PACKAGE "mmseg"
| #define VERSION "0.7"
| /* end confdefs.h.  */
| 
| int
| main ()
| {
| exit (42);
|   ;
|   return 0;
| }
configure:2408: g++ -c -g -O2  conftest.cc >&5
conftest.cc:11:17: error: use of undeclared identifier 'std'
extern "C" void std::exit (int) throw (); using std::exit;
                ^
conftest.cc:11:49: error: use of undeclared identifier 'std'
extern "C" void std::exit (int) throw (); using std::exit;
                                                ^
2 errors generated.
configure:2414: $? = 1
configure: failed program was:
| /* confdefs.h.  */
| 
| #define PACKAGE_NAME ""
| #define PACKAGE_TARNAME ""
| #define PACKAGE_VERSION ""
| #define PACKAGE_STRING ""
| #define PACKAGE_BUGREPORT ""
| #define PACKAGE "mmseg"
| #define VERSION "0.7"
| /* end confdefs.h.  */
| extern "C" void std::exit (int) throw (); using std::exit;
| #include <stdlib.h>
| int
| main ()
| {
| exit (42);
|   ;
|   return 0;
| }
configure:2408: g++ -c -g -O2  conftest.cc >&5
conftest.cc:11:17: error: use of undeclared identifier 'std'
extern "C" void std::exit (int); using std::exit;
                ^
conftest.cc:11:40: error: use of undeclared identifier 'std'
extern "C" void std::exit (int); using std::exit;
                                       ^
2 errors generated.
configure:2414: $? = 1
configure: failed program was:
| /* confdefs.h.  */
| 
| #define PACKAGE_NAME ""
| #define PACKAGE_TARNAME ""
| #define PACKAGE_VERSION ""
| #define PACKAGE_STRING ""
| #define PACKAGE_BUGREPORT ""
| #define PACKAGE "mmseg"
| #define VERSION "0.7"
| /* end confdefs.h.  */
| extern "C" void std::exit (int); using std::exit;
| #include <stdlib.h>
| int
| main ()
| {
| exit (42);
|   ;
|   return 0;
| }
configure:2408: g++ -c -g -O2  conftest.cc >&5
configure:2414: $? = 0
configure:2418: test -z 
			 || test ! -s conftest.err
configure:2421: $? = 0
configure:2424: test -s conftest.o
configure:2427: $? = 0
configure:2453: g++ -c -g -O2  conftest.cc >&5
configure:2459: $? = 0
configure:2463: test -z 
			 || test ! -s conftest.err
configure:2466: $? = 0
configure:2469: test -s conftest.o
configure:2472: $? = 0
configure:2506: checking for style of include used by make
configure:2534: result: GNU
configure:2562: checking dependency style of g++
configure:2652: result: gcc3
configure:2715: checking for gcc
configure:2731: found /usr/bin/gcc
configure:2741: result: gcc
configure:2985: checking for C compiler version
configure:2988: gcc --version </dev/null >&5
Configured with: --prefix=/Applications/Xcode.app/Contents/Developer/usr --with-gxx-include-dir=/usr/include/c++/4.2.1
Apple LLVM version 7.0.2 (clang-700.1.81)
Target: x86_64-apple-darwin15.2.0
Thread model: posix
configure:2991: $? = 0
configure:2993: gcc -v </dev/null >&5
Configured with: --prefix=/Applications/Xcode.app/Contents/Developer/usr --with-gxx-include-dir=/usr/include/c++/4.2.1
Apple LLVM version 7.0.2 (clang-700.1.81)
Target: x86_64-apple-darwin15.2.0
Thread model: posix
configure:2996: $? = 0
configure:2998: gcc -V </dev/null >&5
clang: error: argument to '-V' is missing (expected 1 value)
clang: error: no input files
configure:3001: $? = 1
configure:3004: checking whether we are using the GNU C compiler
configure:3028: gcc -c   conftest.c >&5
configure:3034: $? = 0
configure:3038: test -z 
			 || test ! -s conftest.err
configure:3041: $? = 0
configure:3044: test -s conftest.o
configure:3047: $? = 0
configure:3060: result: yes
configure:3066: checking whether gcc accepts -g
configure:3087: gcc -c -g  conftest.c >&5
configure:3093: $? = 0
configure:3097: test -z 
			 || test ! -s conftest.err
configure:3100: $? = 0
configure:3103: test -s conftest.o
configure:3106: $? = 0
configure:3117: result: yes
configure:3134: checking for gcc option to accept ANSI C
configure:3204: gcc  -c -g -O2  conftest.c >&5
configure:3210: $? = 0
configure:3214: test -z 
			 || test ! -s conftest.err
configure:3217: $? = 0
configure:3220: test -s conftest.o
configure:3223: $? = 0
configure:3241: result: none needed
configure:3259: gcc -c -g -O2  conftest.c >&5
conftest.c:2:3: error: unknown type name 'choke'
  choke me
  ^
conftest.c:2:11: error: expected ';' after top level declarator
  choke me
          ^
          ;
2 errors generated.
configure:3265: $? = 1
configure: failed program was:
| #ifndef __cplusplus
|   choke me
| #endif
configure:3400: checking dependency style of gcc
configure:3490: result: gcc3
configure:3588: checking build system type
configure:3606: result: i686-apple-darwin15.2.0
configure:3614: checking host system type
configure:3628: result: i686-apple-darwin15.2.0
configure:3636: checking for a sed that does not truncate output
configure:3692: result: /usr/bin/sed
configure:3695: checking for egrep
configure:3705: result: grep -E
configure:3721: checking for ld used by gcc
configure:3788: result: /Applications/Xcode.app/Contents/Developer/Toolchains/XcodeDefault.xctoolchain/usr/bin/ld
configure:3797: checking if the linker (/Applications/Xcode.app/Contents/Developer/Toolchains/XcodeDefault.xctoolchain/usr/bin/ld) is GNU ld
configure:3812: result: no
configure:3817: checking for /Applications/Xcode.app/Contents/Developer/Toolchains/XcodeDefault.xctoolchain/usr/bin/ld option to reload object files
configure:3824: result: -r
configure:3842: checking for BSD-compatible nm
configure:3891: result: /usr/bin/nm
configure:3895: checking whether ln -s works
configure:3899: result: yes
configure:3906: checking how to recognise dependent libraries
configure:4082: result: pass_all
configure:4319: checking how to run the C preprocessor
configure:4354: gcc -E  conftest.c
configure:4360: $? = 0
configure:4392: gcc -E  conftest.c
conftest.c:14:10: fatal error: 'ac_nonexistent.h' file not found
#include <ac_nonexistent.h>
         ^
1 error generated.
configure:4398: $? = 1
configure: failed program was:
| /* confdefs.h.  */
| 
| #define PACKAGE_NAME ""
| #define PACKAGE_TARNAME ""
| #define PACKAGE_VERSION ""
| #define PACKAGE_STRING ""
| #define PACKAGE_BUGREPORT ""
| #define PACKAGE "mmseg"
| #define VERSION "0.7"
| #ifdef __cplusplus
| extern "C" void exit (int) throw ();
| #endif
| /* end confdefs.h.  */
| #include <ac_nonexistent.h>
configure:4437: result: gcc -E
configure:4461: gcc -E  conftest.c
configure:4467: $? = 0
configure:4499: gcc -E  conftest.c
conftest.c:14:10: fatal error: 'ac_nonexistent.h' file not found
#include <ac_nonexistent.h>
         ^
1 error generated.
configure:4505: $? = 1
configure: failed program was:
| /* confdefs.h.  */
| 
| #define PACKAGE_NAME ""
| #define PACKAGE_TARNAME ""
| #define PACKAGE_VERSION ""
| #define PACKAGE_STRING ""
| #define PACKAGE_BUGREPORT ""
| #define PACKAGE "mmseg"
| #define VERSION "0.7"
| #ifdef __cplusplus
| extern "C" void exit (int) throw ();
| #endif
| /* end confdefs.h.  */
| #include <ac_nonexistent.h>
configure:4549: checking for ANSI C header files
configure:4574: gcc -c -g -O2  conftest.c >&5
configure:4580: $? = 0
configure:4584: test -z 
			 || test ! -s conftest.err
configure:4587: $? = 0
configure:4590: test -s conftest.o
configure:4593: $? = 0
configure:4682: gcc -o conftest -g -O2   conftest.c  >&5
conftest.c:31:7: warning: implicitly declaring library function 'exit' with type 'void (int) __attribute__((noreturn))'
      exit(2);
      ^
conftest.c:31:7: note: include the header <stdlib.h> or explicitly provide a declaration for 'exit'
1 warning generated.
configure:4685: $? = 0
configure:4687: ./conftest
configure:4690: $? = 0
configure:4705: result: yes
configure:4729: checking for sys/types.h
configure:4745: gcc -c -g -O2  conftest.c >&5
configure:4751: $? = 0
configure:4755: test -z 
			 || test ! -s conftest.err
configure:4758: $? = 0
configure:4761: test -s conftest.o
configure:4764: $? = 0
configure:4775: result: yes
configure:4729: checking for sys/stat.h
configure:4745: gcc -c -g -O2  conftest.c >&5
configure:4751: $? = 0
configure:4755: test -z 
			 || test ! -s conftest.err
configure:4758: $? = 0
configure:4761: test -s conftest.o
configure:4764: $? = 0
configure:4775: result: yes
configure:4729: checking for stdlib.h
configure:4745: gcc -c -g -O2  conftest.c >&5
configure:4751: $? = 0
configure:4755: test -z 
			 || test ! -s conftest.err
configure:4758: $? = 0
configure:4761: test -s conftest.o
configure:4764: $? = 0
configure:4775: result: yes
configure:4729: checking for string.h
configure:4745: gcc -c -g -O2  conftest.c >&5
configure:4751: $? = 0
configure:4755: test -z 
			 || test ! -s conftest.err
configure:4758: $? = 0
configure:4761: test -s conftest.o
configure:4764: $? = 0
configure:4775: result: yes
configure:4729: checking for memory.h
configure:4745: gcc -c -g -O2  conftest.c >&5
configure:4751: $? = 0
configure:4755: test -z 
			 || test ! -s conftest.err
configure:4758: $? = 0
configure:4761: test -s conftest.o
configure:4764: $? = 0
configure:4775: result: yes
configure:4729: checking for strings.h
configure:4745: gcc -c -g -O2  conftest.c >&5
configure:4751: $? = 0
configure:4755: test -z 
			 || test ! -s conftest.err
configure:4758: $? = 0
configure:4761: test -s conftest.o
configure:4764: $? = 0
configure:4775: result: yes
configure:4729: checking for inttypes.h
configure:4745: gcc -c -g -O2  conftest.c >&5
configure:4751: $? = 0
configure:4755: test -z 
			 || test ! -s conftest.err
configure:4758: $? = 0
configure:4761: test -s conftest.o
configure:4764: $? = 0
configure:4775: result: yes
configure:4729: checking for stdint.h
configure:4745: gcc -c -g -O2  conftest.c >&5
configure:4751: $? = 0
configure:4755: test -z 
			 || test ! -s conftest.err
configure:4758: $? = 0
configure:4761: test -s conftest.o
configure:4764: $? = 0
configure:4775: result: yes
configure:4729: checking for unistd.h
configure:4745: gcc -c -g -O2  conftest.c >&5
configure:4751: $? = 0
configure:4755: test -z 
			 || test ! -s conftest.err
configure:4758: $? = 0
configure:4761: test -s conftest.o
configure:4764: $? = 0
configure:4775: result: yes
configure:4801: checking dlfcn.h usability
configure:4813: gcc -c -g -O2  conftest.c >&5
configure:4819: $? = 0
configure:4823: test -z 
			 || test ! -s conftest.err
configure:4826: $? = 0
configure:4829: test -s conftest.o
configure:4832: $? = 0
configure:4842: result: yes
configure:4846: checking dlfcn.h presence
configure:4856: gcc -E  conftest.c
configure:4862: $? = 0
configure:4882: result: yes
configure:4917: checking for dlfcn.h
configure:4924: result: yes
configure:4947: checking how to run the C++ preprocessor
configure:4978: g++ -E  conftest.cc
configure:4984: $? = 0
configure:5016: g++ -E  conftest.cc
conftest.cc:25:10: fatal error: 'ac_nonexistent.h' file not found
#include <ac_nonexistent.h>
         ^
1 error generated.
configure:5022: $? = 1
configure: failed program was:
| /* confdefs.h.  */
| 
| #define PACKAGE_NAME ""
| #define PACKAGE_TARNAME ""
| #define PACKAGE_VERSION ""
| #define PACKAGE_STRING ""
| #define PACKAGE_BUGREPORT ""
| #define PACKAGE "mmseg"
| #define VERSION "0.7"
| #ifdef __cplusplus
| extern "C" void exit (int) throw ();
| #endif
| #define STDC_HEADERS 1
| #define HAVE_SYS_TYPES_H 1
| #define HAVE_SYS_STAT_H 1
| #define HAVE_STDLIB_H 1
| #define HAVE_STRING_H 1
| #define HAVE_MEMORY_H 1
| #define HAVE_STRINGS_H 1
| #define HAVE_INTTYPES_H 1
| #define HAVE_STDINT_H 1
| #define HAVE_UNISTD_H 1
| #define HAVE_DLFCN_H 1
| /* end confdefs.h.  */
| #include <ac_nonexistent.h>
configure:5061: result: g++ -E
configure:5085: g++ -E  conftest.cc
configure:5091: $? = 0
configure:5123: g++ -E  conftest.cc
conftest.cc:25:10: fatal error: 'ac_nonexistent.h' file not found
#include <ac_nonexistent.h>
         ^
1 error generated.
configure:5129: $? = 1
configure: failed program was:
| /* confdefs.h.  */
| 
| #define PACKAGE_NAME ""
| #define PACKAGE_TARNAME ""
| #define PACKAGE_VERSION ""
| #define PACKAGE_STRING ""
| #define PACKAGE_BUGREPORT ""
| #define PACKAGE "mmseg"
| #define VERSION "0.7"
| #ifdef __cplusplus
| extern "C" void exit (int) throw ();
| #endif
| #define STDC_HEADERS 1
| #define HAVE_SYS_TYPES_H 1
| #define HAVE_SYS_STAT_H 1
| #define HAVE_STDLIB_H 1
| #define HAVE_STRING_H 1
| #define HAVE_MEMORY_H 1
| #define HAVE_STRINGS_H 1
| #define HAVE_INTTYPES_H 1
| #define HAVE_STDINT_H 1
| #define HAVE_UNISTD_H 1
| #define HAVE_DLFCN_H 1
| /* end confdefs.h.  */
| #include <ac_nonexistent.h>
configure:5226: checking for g77
configure:5255: result: no
configure:5226: checking for f77
configure:5255: result: no
configure:5226: checking for xlf
configure:5255: result: no
configure:5226: checking for frt
configure:5255: result: no
configure:5226: checking for pgf77
configure:5255: result: no
configure:5226: checking for fort77
configure:5255: result: no
configure:5226: checking for fl32
configure:5255: result: no
configure:5226: checking for af77
configure:5255: result: no
configure:5226: checking for f90
configure:5255: result: no
configure:5226: checking for xlf90
configure:5255: result: no
configure:5226: checking for pgf90
configure:5255: result: no
configure:5226: checking for epcf90
configure:5255: result: no
configure:5226: checking for f95
configure:5255: result: no
configure:5226: checking for fort
configure:5255: result: no
configure:5226: checking for xlf95
configure:5255: result: no
configure:5226: checking for ifc
configure:5255: result: no
configure:5226: checking for efc
configure:5255: result: no
configure:5226: checking for pgf95
configure:5255: result: no
configure:5226: checking for lf95
configure:5255: result: no
configure:5226: checking for gfortran
configure:5255: result: no
configure:5267: checking for Fortran 77 compiler version
configure:5270:  --version </dev/null >&5
./configure: line 5271: --version: command not found
configure:5273: $? = 127
configure:5275:  -v </dev/null >&5
./configure: line 5276: -v: command not found
configure:5278: $? = 127
configure:5280:  -V </dev/null >&5
./configure: line 5281: -V: command not found
configure:5283: $? = 127
configure:5291: checking whether we are using the GNU Fortran 77 compiler
configure:5305:  -c  conftest.F >&5
./configure: line 5306: -c: command not found
configure:5311: $? = 127
configure: failed program was:
|       program main
| #ifndef __GNUC__
|        choke me
| #endif
| 
|       end
configure:5337: result: no
configure:5343: checking whether  accepts -g
configure:5355:  -c -g conftest.f >&5
./configure: line 5356: -c: command not found
configure:5361: $? = 127
configure: failed program was:
|       program main
| 
|       end
configure:5386: result: no
configure:5416: checking the maximum length of command line arguments
configure:5525: result: 196608
configure:5536: checking command to parse /usr/bin/nm output from gcc object
configure:5641: gcc -c -g -O2  conftest.c >&5
configure:5644: $? = 0
configure:5648: /usr/bin/nm conftest.o \| sed -n -e 's/^.*[ 	]\([BCDEGRST][BCDEGRST]*\)[ 	][ 	]*\([_A-Za-z][_A-Za-z0-9]*\)$/\1 \2 \2/p' \> conftest.nm
configure:5651: $? = 0
cannot find nm_test_var in conftest.nm
configure:5641: gcc -c -g -O2  conftest.c >&5
configure:5644: $? = 0
configure:5648: /usr/bin/nm conftest.o \| sed -n -e 's/^.*[ 	]\([BCDEGRST][BCDEGRST]*\)[ 	][ 	]*_\([_A-Za-z][_A-Za-z0-9]*\)$/\1 _\2 \2/p' \> conftest.nm
configure:5651: $? = 0
configure:5703: gcc -o conftest -g -O2   conftest.c conftstm.o >&5
warning: (x86_64)  could not find object file symbol for symbol _main
configure:5706: $? = 0
configure:5744: result: ok
configure:5748: checking for objdir
configure:5763: result: .libs
configure:5853: checking for ar
configure:5869: found /usr/bin/ar
configure:5880: result: ar
configure:5933: checking for ranlib
configure:5949: found /usr/bin/ranlib
configure:5960: result: ranlib
configure:6013: checking for strip
configure:6029: found /usr/bin/strip
configure:6040: result: strip
configure:6312: checking if gcc supports -fno-rtti -fno-exceptions
configure:6330: gcc -c -g -O2  -fno-rtti -fno-exceptions conftest.c >&5
configure:6334: $? = 0
configure:6347: result: yes
configure:6362: checking for gcc option to produce PIC
configure:6572: result: -fno-common
configure:6580: checking if gcc PIC flag -fno-common works
configure:6598: gcc -c -g -O2  -fno-common -DPIC conftest.c >&5
configure:6602: $? = 0
configure:6615: result: yes
configure:6643: checking if gcc static flag -static works
configure:6671: result: no
configure:6681: checking if gcc supports -c -o file.o
configure:6702: gcc -c -g -O2  -o out/conftest2.o conftest.c >&5
configure:6706: $? = 0
configure:6728: result: yes
configure:6754: checking whether the gcc linker (/Applications/Xcode.app/Contents/Developer/Toolchains/XcodeDefault.xctoolchain/usr/bin/ld) supports shared libraries
configure:7712: result: yes
configure:7779: checking dynamic linker characteristics
configure:8388: result: darwin15.2.0 dyld
configure:8397: checking how to hardcode library paths into programs
configure:8422: result: immediate
configure:8436: checking whether stripping libraries is possible
configure:8449: result: yes
configure:9275: checking if libtool supports shared libraries
configure:9277: result: yes
configure:9280: checking whether to build shared libraries
configure:9301: result: yes
configure:9304: checking whether to build static libraries
configure:9308: result: yes
configure:9400: creating libtool
configure:9991: checking for ld used by g++
configure:10058: result: /Applications/Xcode.app/Contents/Developer/Toolchains/XcodeDefault.xctoolchain/usr/bin/ld
configure:10067: checking if the linker (/Applications/Xcode.app/Contents/Developer/Toolchains/XcodeDefault.xctoolchain/usr/bin/ld) is GNU ld
configure:10082: result: no
configure:10133: checking whether the g++ linker (/Applications/Xcode.app/Contents/Developer/Toolchains/XcodeDefault.xctoolchain/usr/bin/ld) supports shared libraries
configure:11071: result: yes
configure:11089: g++ -c -g -O2  conftest.cpp >&5
configure:11092: $? = 0
configure:11211: checking for g++ option to produce PIC
configure:11485: result: -fno-common
configure:11493: checking if g++ PIC flag -fno-common works
configure:11511: g++ -c -g -O2  -fno-common -DPIC conftest.cpp >&5
configure:11515: $? = 0
configure:11528: result: yes
configure:11556: checking if g++ static flag -static works
configure:11584: result: no
configure:11594: checking if g++ supports -c -o file.o
configure:11615: g++ -c -g -O2  -o out/conftest2.o conftest.cpp >&5
configure:11619: $? = 0
configure:11641: result: yes
configure:11667: checking whether the g++ linker (/Applications/Xcode.app/Contents/Developer/Toolchains/XcodeDefault.xctoolchain/usr/bin/ld) supports shared libraries
configure:11692: result: yes
configure:11759: checking dynamic linker characteristics
configure:12368: result: darwin15.2.0 dyld
configure:12377: checking how to hardcode library paths into programs
configure:12402: result: immediate
configure:18607: checking for ANSI C header files
configure:18763: result: yes
configure:18773: checking for sys/wait.h that is POSIX.1 compatible
configure:18804: gcc -c -g -O2  conftest.c >&5
configure:18810: $? = 0
configure:18814: test -z 
			 || test ! -s conftest.err
configure:18817: $? = 0
configure:18820: test -s conftest.o
configure:18823: $? = 0
configure:18834: result: yes
configure:18852: checking for stdlib.h
configure:18857: result: yes
configure:18852: checking for unistd.h
configure:18857: result: yes
configure:18861: checking errno.h usability
configure:18873: gcc -c -g -O2  conftest.c >&5
configure:18879: $? = 0
configure:18883: test -z 
			 || test ! -s conftest.err
configure:18886: $? = 0
configure:18889: test -s conftest.o
configure:18892: $? = 0
configure:18902: result: yes
configure:18906: checking errno.h presence
configure:18916: gcc -E  conftest.c
configure:18922: $? = 0
configure:18942: result: yes
configure:18977: checking for errno.h
configure:18984: result: yes
configure:18861: checking assert.h usability
configure:18873: gcc -c -g -O2  conftest.c >&5
configure:18879: $? = 0
configure:18883: test -z 
			 || test ! -s conftest.err
configure:18886: $? = 0
configure:18889: test -s conftest.o
configure:18892: $? = 0
configure:18902: result: yes
configure:18906: checking assert.h presence
configure:18916: gcc -E  conftest.c
configure:18922: $? = 0
configure:18942: result: yes
configure:18977: checking for assert.h
configure:18984: result: yes
configure:19003: checking for string.h
configure:19008: result: yes
configure:19476: checking stdarg.h usability
configure:19488: gcc -c -g -O2  conftest.c >&5
configure:19494: $? = 0
configure:19498: test -z 
			 || test ! -s conftest.err
configure:19501: $? = 0
configure:19504: test -s conftest.o
configure:19507: $? = 0
configure:19517: result: yes
configure:19521: checking stdarg.h presence
configure:19531: gcc -E  conftest.c
configure:19537: $? = 0
configure:19557: result: yes
configure:19592: checking for stdarg.h
configure:19599: result: yes
configure:19625: checking for an ANSI C-conforming const
configure:19692: gcc -c -g -O2  conftest.c >&5
configure:19698: $? = 0
configure:19702: test -z 
			 || test ! -s conftest.err
configure:19705: $? = 0
configure:19708: test -s conftest.o
configure:19711: $? = 0
configure:19722: result: yes
configure:19732: checking for pid_t
configure:19756: gcc -c -g -O2  conftest.c >&5
configure:19762: $? = 0
configure:19766: test -z 
			 || test ! -s conftest.err
configure:19769: $? = 0
configure:19772: test -s conftest.o
configure:19775: $? = 0
configure:19786: result: yes
configure:19798: checking for size_t
configure:19822: gcc -c -g -O2  conftest.c >&5
configure:19828: $? = 0
configure:19832: test -z 
			 || test ! -s conftest.err
configure:19835: $? = 0
configure:19838: test -s conftest.o
configure:19841: $? = 0
configure:19852: result: yes
configure:19965: checking for sys_errlist
configure:19986: gcc -o conftest -g -O2   conftest.c  >&5
configure:19992: $? = 0
configure:19996: test -z 
			 || test ! -s conftest.err
configure:19999: $? = 0
configure:20002: test -s conftest
configure:20005: $? = 0
configure:20017: result: yes
configure:20026: checking for sys_siglist
configure:20047: gcc -o conftest -g -O2   conftest.c  >&5
configure:20053: $? = 0
configure:20057: test -z 
			 || test ! -s conftest.err
configure:20060: $? = 0
configure:20063: test -s conftest
configure:20066: $? = 0
configure:20078: result: yes
configure:20093: checking for bzero
configure:20150: gcc -o conftest -g -O2   conftest.c  >&5
conftest.c:59:6: warning: incompatible redeclaration of library function 'bzero' [-Wincompatible-library-redeclaration]
char bzero ();
     ^
conftest.c:59:6: note: 'bzero' is a builtin with type 'void (void *, unsigned long)'
1 warning generated.
configure:20156: $? = 0
configure:20160: test -z 
			 || test ! -s conftest.err
configure:20163: $? = 0
configure:20166: test -s conftest
configure:20169: $? = 0
configure:20181: result: yes
configure:20197: checking for calloc
configure:20254: gcc -o conftest -g -O2   conftest.c  >&5
conftest.c:60:6: warning: incompatible redeclaration of library function 'calloc' [-Wincompatible-library-redeclaration]
char calloc ();
     ^
conftest.c:60:6: note: 'calloc' is a builtin with type 'void *(unsigned long, unsigned long)'
1 warning generated.
configure:20260: $? = 0
configure:20264: test -z 
			 || test ! -s conftest.err
configure:20267: $? = 0
configure:20270: test -s conftest
configure:20273: $? = 0
configure:20285: result: yes
configure:20197: checking for strchr
configure:20254: gcc -o conftest -g -O2   conftest.c  >&5
conftest.c:61:6: warning: incompatible redeclaration of library function 'strchr' [-Wincompatible-library-redeclaration]
char strchr ();
     ^
conftest.c:61:6: note: 'strchr' is a builtin with type 'char *(const char *, int)'
1 warning generated.
configure:20260: $? = 0
configure:20264: test -z 
			 || test ! -s conftest.err
configure:20267: $? = 0
configure:20270: test -s conftest
configure:20273: $? = 0
configure:20285: result: yes
configure:20197: checking for strrchr
configure:20254: gcc -o conftest -g -O2   conftest.c  >&5
conftest.c:62:6: warning: incompatible redeclaration of library function 'strrchr' [-Wincompatible-library-redeclaration]
char strrchr ();
     ^
conftest.c:62:6: note: 'strrchr' is a builtin with type 'char *(const char *, int)'
1 warning generated.
configure:20260: $? = 0
configure:20264: test -z 
			 || test ! -s conftest.err
configure:20267: $? = 0
configure:20270: test -s conftest
configure:20273: $? = 0
configure:20285: result: yes
configure:20305: checking for basename
configure:20362: gcc -o conftest -g -O2   conftest.c  >&5
configure:20368: $? = 0
configure:20372: test -z 
			 || test ! -s conftest.err
configure:20375: $? = 0
configure:20378: test -s conftest
configure:20381: $? = 0
configure:20393: result: yes
configure:20305: checking for strspn
configure:20362: gcc -o conftest -g -O2   conftest.c  >&5
conftest.c:64:6: warning: incompatible redeclaration of library function 'strspn' [-Wincompatible-library-redeclaration]
char strspn ();
     ^
conftest.c:64:6: note: 'strspn' is a builtin with type 'unsigned long (const char *, const char *)'
1 warning generated.
configure:20368: $? = 0
configure:20372: test -z 
			 || test ! -s conftest.err
configure:20375: $? = 0
configure:20378: test -s conftest
configure:20381: $? = 0
configure:20393: result: yes
configure:20305: checking for strcspn
configure:20362: gcc -o conftest -g -O2   conftest.c  >&5
conftest.c:65:6: warning: incompatible redeclaration of library function 'strcspn' [-Wincompatible-library-redeclaration]
char strcspn ();
     ^
conftest.c:65:6: note: 'strcspn' is a builtin with type 'unsigned long (const char *, const char *)'
1 warning generated.
configure:20368: $? = 0
configure:20372: test -z 
			 || test ! -s conftest.err
configure:20375: $? = 0
configure:20378: test -s conftest
configure:20381: $? = 0
configure:20393: result: yes
configure:20305: checking for strerror
configure:20362: gcc -o conftest -g -O2   conftest.c  >&5
conftest.c:66:6: warning: incompatible redeclaration of library function 'strerror' [-Wincompatible-library-redeclaration]
char strerror ();
     ^
conftest.c:66:6: note: 'strerror' is a builtin with type 'char *(int)'
1 warning generated.
configure:20368: $? = 0
configure:20372: test -z 
			 || test ! -s conftest.err
configure:20375: $? = 0
configure:20378: test -s conftest
configure:20381: $? = 0
configure:20393: result: yes
configure:20305: checking for strsignal
configure:20362: gcc -o conftest -g -O2   conftest.c  >&5
configure:20368: $? = 0
configure:20372: test -z 
			 || test ! -s conftest.err
configure:20375: $? = 0
configure:20378: test -s conftest
configure:20381: $? = 0
configure:20393: result: yes
configure:20305: checking for vfprintf
configure:20362: gcc -o conftest -g -O2   conftest.c  >&5
conftest.c:68:6: warning: incompatible redeclaration of library function 'vfprintf' [-Wincompatible-library-redeclaration]
char vfprintf ();
     ^
conftest.c:68:6: note: 'vfprintf' is a builtin with type 'int ()'
1 warning generated.
configure:20368: $? = 0
configure:20372: test -z 
			 || test ! -s conftest.err
configure:20375: $? = 0
configure:20378: test -s conftest
configure:20381: $? = 0
configure:20393: result: yes
configure:20305: checking for waitpid
configure:20362: gcc -o conftest -g -O2   conftest.c  >&5
configure:20368: $? = 0
configure:20372: test -z 
			 || test ! -s conftest.err
configure:20375: $? = 0
configure:20378: test -s conftest
configure:20381: $? = 0
configure:20393: result: yes
configure:20564: creating ./config.status

## ---------------------- ##
## Running config.status. ##
## ---------------------- ##

This file was extended by config.status, which was
generated by GNU Autoconf 2.59.  Invocation command line was

  CONFIG_FILES    = 
  CONFIG_HEADERS  = 
  CONFIG_LINKS    = 
  CONFIG_COMMANDS = 
  $ ./config.status 

on zhudongchangdeMacBook-Pro.local

config.status:746: creating Makefile
config.status:746: creating src/Makefile
config.status:806: error: cannot find input file: src/Makefile.in

## ---------------- ##
## Cache variables. ##
## ---------------- ##

ac_cv_build=i686-apple-darwin15.2.0
ac_cv_build_alias=i686-apple-darwin15.2.0
ac_cv_c_compiler_gnu=yes
ac_cv_c_const=yes
ac_cv_cxx_compiler_gnu=yes
ac_cv_env_CC_set=
ac_cv_env_CC_value=
ac_cv_env_CFLAGS_set=
ac_cv_env_CFLAGS_value=
ac_cv_env_CPPFLAGS_set=
ac_cv_env_CPPFLAGS_value=
ac_cv_env_CPP_set=
ac_cv_env_CPP_value=
ac_cv_env_CXXCPP_set=
ac_cv_env_CXXCPP_value=
ac_cv_env_CXXFLAGS_set=
ac_cv_env_CXXFLAGS_value=
ac_cv_env_CXX_set=
ac_cv_env_CXX_value=
ac_cv_env_F77_set=
ac_cv_env_F77_value=
ac_cv_env_FFLAGS_set=
ac_cv_env_FFLAGS_value=
ac_cv_env_LDFLAGS_set=
ac_cv_env_LDFLAGS_value=
ac_cv_env_build_alias_set=
ac_cv_env_build_alias_value=
ac_cv_env_host_alias_set=
ac_cv_env_host_alias_value=
ac_cv_env_target_alias_set=
ac_cv_env_target_alias_value=
ac_cv_exeext=
ac_cv_f77_compiler_gnu=no
ac_cv_func_basename=yes
ac_cv_func_bzero=yes
ac_cv_func_calloc=yes
ac_cv_func_strchr=yes
ac_cv_func_strcspn=yes
ac_cv_func_strerror=yes
ac_cv_func_strrchr=yes
ac_cv_func_strsignal=yes
ac_cv_func_strspn=yes
ac_cv_func_vfprintf=yes
ac_cv_func_waitpid=yes
ac_cv_header_assert_h=yes
ac_cv_header_dlfcn_h=yes
ac_cv_header_errno_h=yes
ac_cv_header_inttypes_h=yes
ac_cv_header_memory_h=yes
ac_cv_header_stdarg_h=yes
ac_cv_header_stdc=yes
ac_cv_header_stdint_h=yes
ac_cv_header_stdlib_h=yes
ac_cv_header_string_h=yes
ac_cv_header_strings_h=yes
ac_cv_header_sys_stat_h=yes
ac_cv_header_sys_types_h=yes
ac_cv_header_sys_wait_h=yes
ac_cv_header_unistd_h=yes
ac_cv_host=i686-apple-darwin15.2.0
ac_cv_host_alias=i686-apple-darwin15.2.0
ac_cv_objext=o
ac_cv_path_install='/usr/bin/install -c'
ac_cv_prog_AWK=awk
ac_cv_prog_CPP='gcc -E'
ac_cv_prog_CXXCPP='g++ -E'
ac_cv_prog_ac_ct_AR=ar
ac_cv_prog_ac_ct_CC=gcc
ac_cv_prog_ac_ct_CXX=g++
ac_cv_prog_ac_ct_RANLIB=ranlib
ac_cv_prog_ac_ct_STRIP=strip
ac_cv_prog_cc_g=yes
ac_cv_prog_cc_stdc=
ac_cv_prog_cxx_g=yes
ac_cv_prog_egrep='grep -E'
ac_cv_prog_f77_g=no
ac_cv_prog_make_make_set=yes
ac_cv_type_pid_t=yes
ac_cv_type_size_t=yes
am_cv_CC_dependencies_compiler_type=gcc3
am_cv_CXX_dependencies_compiler_type=gcc3
am_cv_prog_cc_stdc=
lt_cv_deplibs_check_method=pass_all
lt_cv_file_magic_cmd='$MAGIC_CMD'
lt_cv_file_magic_test_file=
lt_cv_ld_reload_flag=-r
lt_cv_objdir=.libs
lt_cv_path_LD=/Applications/Xcode.app/Contents/Developer/Toolchains/XcodeDefault.xctoolchain/usr/bin/ld
lt_cv_path_LDCXX=/Applications/Xcode.app/Contents/Developer/Toolchains/XcodeDefault.xctoolchain/usr/bin/ld
lt_cv_path_NM=/usr/bin/nm
lt_cv_path_SED=/usr/bin/sed
lt_cv_prog_compiler_c_o=yes
lt_cv_prog_compiler_c_o_CXX=yes
lt_cv_prog_compiler_rtti_exceptions=yes
lt_cv_prog_gnu_ld=no
lt_cv_prog_gnu_ldcxx=no
lt_cv_sys_global_symbol_pipe='sed -n -e '\''s/^.*[ 	]\([BCDEGRST][BCDEGRST]*\)[ 	][ 	]*_\([_A-Za-z][_A-Za-z0-9]*\)$/\1 _\2 \2/p'\'''
lt_cv_sys_global_symbol_to_c_name_address='sed -n -e '\''s/^: \([^ ]*\) $/  {\"\1\", (lt_ptr) 0},/p'\'' -e '\''s/^[BCDEGRST] \([^ ]*\) \([^ ]*\)$/  {"\2", (lt_ptr) \&\2},/p'\'''
lt_cv_sys_global_symbol_to_cdecl='sed -n -e '\''s/^. .* \(.*\)$/extern int \1;/p'\'''
lt_cv_sys_max_cmd_len=196608
lt_lt_cv_prog_compiler_c_o='"yes"'
lt_lt_cv_prog_compiler_c_o_CXX='"yes"'
lt_lt_cv_sys_global_symbol_pipe='"sed -n -e '\''s/^.*[ 	]\\([BCDEGRST][BCDEGRST]*\\)[ 	][ 	]*_\\([_A-Za-z][_A-Za-z0-9]*\\)\$/\\1 _\\2 \\2/p'\''"'
lt_lt_cv_sys_global_symbol_to_c_name_address='"sed -n -e '\''s/^: \\([^ ]*\\) \$/  {\\\"\\1\\\", (lt_ptr) 0},/p'\'' -e '\''s/^[BCDEGRST] \\([^ ]*\\) \\([^ ]*\\)\$/  {\"\\2\", (lt_ptr) \\&\\2},/p'\''"'
lt_lt_cv_sys_global_symbol_to_cdecl='"sed -n -e '\''s/^. .* \\(.*\\)\$/extern int \\1;/p'\''"'
sic_cv_var_sys_errlist=yes
sic_cv_var_sys_siglist=yes

## ----------------- ##
## Output variables. ##
## ----------------- ##

ACLOCAL='aclocal-1.9'
AMDEPBACKSLASH='\'
AMDEP_FALSE='#'
AMDEP_TRUE=''
AMTAR='tar'
AR='ar'
AUTOCONF='autoconf'
AUTOHEADER='autoheader'
AUTOMAKE='automake-1.9'
AWK='awk'
CC='gcc'
CCDEPMODE='depmode=gcc3'
CFLAGS='-g -O2'
CPP='gcc -E'
CPPFLAGS=''
CXX='g++'
CXXCPP='g++ -E'
CXXDEPMODE='depmode=gcc3'
CXXFLAGS='-g -O2'
CYGPATH_W='echo'
DEFS='-DHAVE_CONFIG_H'
DEPDIR='.deps'
ECHO='/bin/echo'
ECHO_C='ECHO_N=''
ECHO_T=''
EGREP='grep -E'
EXEEXT=''
F77=''
FFLAGS=''
INSTALL_DATA='${INSTALL} -m 644'
INSTALL_PROGRAM='${INSTALL}'
INSTALL_SCRIPT='${INSTALL}'
INSTALL_STRIP_PROGRAM='${SHELL} $(install_sh) -c -s'
LDFLAGS=''
LIBOBJS=' $U.o'
LIBS=''
LIBTOOL='$(SHELL) $(top_builddir)/libtool'
LN_S='ln -s'
LTLIBOBJS=' $U.lo'
MAKEINFO='makeinfo'
OBJEXT='o'
PACKAGE='mmseg'
PACKAGE_BUGREPORT=''
PACKAGE_NAME=''
PACKAGE_STRING=''
PACKAGE_TARNAME=''
PACKAGE_VERSION=''
PATH_SEPARATOR=':'
RANLIB='ranlib'
SED='/usr/bin/sed'
SET_MAKE=''
SHELL='/bin/sh'
STRIP='strip'
VERSION='0.7'
WITH_READLINE_FALSE=''
WITH_READLINE_TRUE='#'
ac_aux_dir='config'
ac_ct_AR='ar'
ac_ct_CC='gcc'
ac_ct_CXX='g++'
ac_ct_F77=''
ac_ct_RANLIB='ranlib'
ac_ct_STRIP='strip'
am__fastdepCC_FALSE='#'
am__fastdepCC_TRUE=''
am__fastdepCXX_FALSE='#'
am__fastdepCXX_TRUE=''
am__include='include'
am__leading_dot='.'
am__quote=''
am__tar='${AMTAR} chof - "$$tardir"'
am__untar='${AMTAR} xf -'
bindir='${exec_prefix}/bin'
build='i686-apple-darwin15.2.0'
build_alias=''
build_cpu='i686'
build_os='darwin15.2.0'
build_vendor='apple'
datadir='${prefix}/share'
exec_prefix='${prefix}'
host='i686-apple-darwin15.2.0'
host_alias=''
host_cpu='i686'
host_os='darwin15.2.0'
host_vendor='apple'
includedir='${prefix}/include'
infodir='${prefix}/info'
install_sh='/Users/zhudongchang/WorkData/tool/coreseek-3.2.14/mmseg-3.2.14/config/install-sh'
libdir='${exec_prefix}/lib'
libexecdir='${exec_prefix}/libexec'
localstatedir='${prefix}/var'
mandir='${prefix}/man'
mkdir_p='$(mkinstalldirs)'
oldincludedir='/usr/include'
prefix='/usr/local/mmseg3'
program_transform_name='s,x,x,'
sbindir='${exec_prefix}/sbin'
sharedstatedir='${prefix}/com'
sysconfdir='${prefix}/etc'
target_alias=''

## ----------- ##
## confdefs.h. ##
## ----------- ##

#define HAVE_ASSERT_H 1
#define HAVE_BASENAME 1
#define HAVE_BZERO 1
#define HAVE_CALLOC 1
#define HAVE_DLFCN_H 1
#define HAVE_ERRNO_H 1
#define HAVE_INTTYPES_H 1
#define HAVE_MEMORY_H 1
#define HAVE_STDARG_H 1
#define HAVE_STDINT_H 1
#define HAVE_STDLIB_H 1
#define HAVE_STDLIB_H 1
#define HAVE_STRCHR 1
#define HAVE_STRCSPN 1
#define HAVE_STRERROR 1
#define HAVE_STRINGS_H 1
#define HAVE_STRING_H 1
#define HAVE_STRING_H 1
#define HAVE_STRRCHR 1
#define HAVE_STRSIGNAL 1
#define HAVE_STRSPN 1
#define HAVE_SYS_ERRLIST 1
#define HAVE_SYS_SIGLIST 1
#define HAVE_SYS_STAT_H 1
#define HAVE_SYS_TYPES_H 1
#define HAVE_SYS_WAIT_H 1
#define HAVE_UNISTD_H 1
#define HAVE_UNISTD_H 1
#define HAVE_VFPRINTF 1
#define HAVE_WAITPID 1
#define PACKAGE "mmseg"
#define PACKAGE_BUGREPORT ""
#define PACKAGE_NAME ""
#define PACKAGE_STRING ""
#define PACKAGE_TARNAME ""
#define PACKAGE_VERSION ""
#define STDC_HEADERS 1
#define STDC_HEADERS 1
#define VERSION "0.7"
#endif
#ifdef __cplusplus
extern "C" void exit (int) throw ();

configure: exit 1
